<?xml version="1.0" encoding="UTF-8"?>
<!-- Generated by org.testng.reporters.JUnitXMLReporter -->
<testsuite hostname="LAPTOP-JOPOHLMU" ignored="1" name="Contacts Page Test cases" tests="2" failures="0" timestamp="03 Jun 2020 06:34:13 GMT" time="232.615" errors="0">
  <testcase name="addNewContact" time="112.217" classname="com.crm.qa.automation.testcases.ContactsPageTestcases"/>
  <testcase name="editContact" time="97.959" classname="com.crm.qa.automation.testcases.ContactsPageTestcases"/>
  <testcase name="verifyBrokenLinks" time="0.0" classname="com.crm.qa.automation.base.TestBase">
    <ignored/>
  </testcase> <!-- verifyBrokenLinks -->
</testsuite> <!-- Contacts Page Test cases -->
