<?xml version="1.0" encoding="UTF-8"?>
<!-- Generated by org.testng.reporters.JUnitXMLReporter -->
<testsuite hostname="LAPTOP-JOPOHLMU" ignored="2" name="Home Page Test cases" tests="4" failures="0" timestamp="03 Jun 2020 06:30:20 GMT" time="37.213" errors="0">
  <testcase name="verifyPageTitle" time="0.0" classname="com.crm.qa.automation.testcases.HomePageTestcases"/>
  <testcase name="verifyLoggedInUser" time="0.056" classname="com.crm.qa.automation.testcases.HomePageTestcases"/>
  <testcase name="addBoxAndVerify" time="5.922" classname="com.crm.qa.automation.testcases.HomePageTestcases"/>
  <testcase name="searchInHome" time="3.241" classname="com.crm.qa.automation.testcases.HomePageTestcases"/>
  <testcase name="createContactquickly" time="0.0" classname="com.crm.qa.automation.testcases.HomePageTestcases">
    <ignored/>
  </testcase> <!-- createContactquickly -->
  <testcase name="verifyBrokenLinks" time="0.0" classname="com.crm.qa.automation.base.TestBase">
    <ignored/>
  </testcase> <!-- verifyBrokenLinks -->
</testsuite> <!-- Home Page Test cases -->
