<?xml version="1.0" encoding="UTF-8"?>
<!-- Generated by org.testng.reporters.JUnitXMLReporter -->
<testsuite hostname="LAPTOP-JOPOHLMU" ignored="1" name="Login Page Test cases" tests="7" failures="0" timestamp="03 Jun 2020 06:29:43 GMT" time="40.589" errors="0">
  <testcase name="verifyPageTitle" time="0.018" classname="com.crm.qa.automation.testcases.LoginPageTestcases"/>
  <testcase name="verifyLogoImage" time="0.158" classname="com.crm.qa.automation.testcases.LoginPageTestcases"/>
  <testcase name="verifyLinksPresence" time="0.524" classname="com.crm.qa.automation.testcases.LoginPageTestcases"/>
  <testcase name="verifyPageCenterText" time="0.031" classname="com.crm.qa.automation.testcases.LoginPageTestcases"/>
  <testcase name="verifyLinksDisplayed" time="0.849" classname="com.crm.qa.automation.testcases.LoginPageTestcases"/>
  <testcase name="loginUnsuccessful" time="5.775" classname="com.crm.qa.automation.testcases.LoginPageTestcases"/>
  <testcase name="loginToApplication" time="7.661" classname="com.crm.qa.automation.testcases.LoginPageTestcases"/>
  <testcase name="verifyBrokenLinks" time="0.0" classname="com.crm.qa.automation.base.TestBase">
    <ignored/>
  </testcase> <!-- verifyBrokenLinks -->
</testsuite> <!-- Login Page Test cases -->
